2025.11.30 13:19:33 INFO  Started: Metals version 1.6.4 in folders '/home/onyx/IdeaProjects/ft_ality' for client Cursor 1.99.3.
2025.11.30 13:19:34 WARN  Using H2 2.4.240 which is newer than the version Flyway has been verified with. The latest verified version of H2 is 2.3.232.
2025.11.30 14:28:56 INFO  Started: Metals version 1.6.4 in folders '/home/onyx/IdeaProjects/ft_ality' for client Cursor 1.105.1.
2025.11.30 14:29:00 WARN  Using H2 2.4.240 which is newer than the version Flyway has been verified with. The latest verified version of H2 is 2.3.232.
Nov 30, 2025 2:37:56 PM org.eclipse.lsp4j.jsonrpc.services.GenericEndpoint notify
INFO: Unsupported notification method: $/setTrace
Nov 30, 2025 7:23:38 PM org.eclipse.lsp4j.jsonrpc.services.GenericEndpoint notify
INFO: Unsupported notification method: $/setTrace
2025.12.01 13:58:31 INFO  Started: Metals version 1.6.4 in folders 'C:\Users\jdossantos\IdeaProjects\ft_ality' for client Cursor 1.105.1.
2025.12.01 13:58:37 WARN  Using H2 2.4.240 which is newer than the version Flyway has been verified with. The latest verified version of H2 is 2.3.232.
2025.12.01 13:58:41 WARN  no build target for: C:\Users\jdossantos\IdeaProjects\ft_ality\src\main\scala\main.scala
2025.12.01 13:58:41 INFO  no build target found for C:\Users\jdossantos\IdeaProjects\ft_ality\src\main\scala\main.scala. Using presentation compiler with project's scala-library version: 3.3.6
2025.12.01 15:04:30 INFO  no build target found for C:\Users\jdossantos\IdeaProjects\ft_ality\src\main\scala\main.scala. Using presentation compiler with project's scala-library version: 3.3.6
Dec 02, 2025 10:11:22 AM org.eclipse.lsp4j.jsonrpc.services.GenericEndpoint notify
INFO: Unsupported notification method: $/setTrace
Dec 02, 2025 10:14:09 AM org.eclipse.lsp4j.jsonrpc.services.GenericEndpoint notify
INFO: Unsupported notification method: $/setTrace
2025.12.02 10:16:42 INFO  Shutting down server
2025.12.02 10:16:42 INFO  shutting down Metals
2025.12.02 10:16:42 INFO  Exiting server
2025.12.02 10:18:56 INFO  Started: Metals version 1.6.4 in folders 'C:\Users\jdossantos\IdeaProjects\ft_ality' for client Cursor 1.105.1.
2025.12.02 10:18:58 WARN  Using H2 2.4.240 which is newer than the version Flyway has been verified with. The latest verified version of H2 is 2.3.232.
Dec 02, 2025 11:01:47 AM org.eclipse.lsp4j.jsonrpc.services.GenericEndpoint notify
INFO: Unsupported notification method: $/setTrace
2025.12.02 15:18:27 INFO  Shutting down server
2025.12.02 15:18:27 INFO  shutting down Metals
2025.12.02 15:18:27 INFO  Exiting server
2025.12.02 15:18:27 ERROR Unexpected error initializing server: 
org.eclipse.lsp4j.jsonrpc.ResponseErrorException: Request window/showMessageRequest failed with message: Canceled
	at org.eclipse.lsp4j.jsonrpc.RemoteEndpoint.handleResponse(RemoteEndpoint.java:220)
	at org.eclipse.lsp4j.jsonrpc.RemoteEndpoint.consume(RemoteEndpoint.java:204)
	at org.eclipse.lsp4j.jsonrpc.json.StreamMessageProducer.handleMessage(StreamMessageProducer.java:185)
	at org.eclipse.lsp4j.jsonrpc.json.StreamMessageProducer.listen(StreamMessageProducer.java:97)
	at org.eclipse.lsp4j.jsonrpc.json.ConcurrentMessageProcessor.run(ConcurrentMessageProcessor.java:114)
	at java.util.concurrent.Executors$RunnableAdapter.call(Executors.java:545)
	at java.util.concurrent.FutureTask.run(FutureTask.java:328)
	at java.util.concurrent.ThreadPoolExecutor.runWorker(ThreadPoolExecutor.java:1095)
	at java.util.concurrent.ThreadPoolExecutor$Worker.run(ThreadPoolExecutor.java:619)
	at java.lang.Thread.run(Thread.java:1447)

2025.12.02 16:47:13 INFO  Started: Metals version 1.6.4 in folders 'C:\Users\jdossantos\IdeaProjects\ft_ality' for client Cursor 1.105.1.
2025.12.02 16:47:14 WARN  Using H2 2.4.240 which is newer than the version Flyway has been verified with. The latest verified version of H2 is 2.3.232.
